# JRE version: OpenJDK Runtime Environment (8.0_282-b08) (build 1.8.0_282-b08)
# Java VM: OpenJDK 64-Bit Server VM (25.282-b08 mixed mode windows-amd64 compressed oops)
Heap:
 PSYoungGen      total 1105920K, used 1105728K [0x000000076c800000, 0x00000007c0000000, 0x00000007c0000000)
  eden space 950272K, 100% used [0x000000076c800000,0x00000007a6800000,0x00000007a6800000)
  from space 155648K, 99% used [0x00000007a6800000,0x00000007affd02a0,0x00000007b0000000)
  to   space 220672K, 85% used [0x00000007b2880000,0x00000007be0595f8,0x00000007c0000000)
 ParOldGen       total 649728K, used 394168K [0x00000006c5800000, 0x00000006ed280000, 0x000000076c800000)
  object space 649728K, 60% used [0x00000006c5800000,0x00000006dd8ee238,0x00000006ed280000)
 Metaspace       used 58682K, capacity 62686K, committed 62976K, reserved 1103872K
  class space    used 8173K, capacity 8851K, committed 8960K, reserved 1048576K
GC Heap History (10 events):
Event: 101.038 GC heap after
Heap after GC invocations=36 (full 5):
 PSYoungGen      total 1148928K, used 72992K [0x000000076c800000, 0x00000007c0000000, 0x00000007c0000000)
  eden space 929792K, 0% used [0x000000076c800000,0x000000076c800000,0x00000007a5400000)
  from space 219136K, 33% used [0x00000007a5400000,0x00000007a9b480e0,0x00000007b2a00000)
  to   space 207872K, 0% used [0x00000007b3500000,0x00000007b3500000,0x00000007c0000000)
 ParOldGen       total 649728K, used 394160K [0x00000006c5800000, 0x00000006ed280000, 0x000000076c800000)
  object space 649728K, 60% used [0x00000006c5800000,0x00000006dd8ec238,0x00000006ed280000)
 Metaspace       used 58682K, capacity 62686K, committed 62976K, reserved 1103872K
  class space    used 8173K, capacity 8851K, committed 8960K, reserved 1048576K
}
Event: 105.957 GC heap before
{Heap before GC invocations=37 (full 5):
 PSYoungGen      total 1148928K, used 1002784K [0x000000076c800000, 0x00000007c0000000, 0x00000007c0000000)
  eden space 929792K, 100% used [0x000000076c800000,0x00000007a5400000,0x00000007a5400000)
  from space 219136K, 33% used [0x00000007a5400000,0x00000007a9b480e0,0x00000007b2a00000)
  to   space 207872K, 0% used [0x00000007b3500000,0x00000007b3500000,0x00000007c0000000)
 ParOldGen       total 649728K, used 394160K [0x00000006c5800000, 0x00000006ed280000, 0x000000076c800000)
  object space 649728K, 60% used [0x00000006c5800000,0x00000006dd8ec238,0x00000006ed280000)
 Metaspace       used 58682K, capacity 62686K, committed 62976K, reserved 1103872K
  class space    used 8173K, capacity 8851K, committed 8960K, reserved 1048576K
Event: 105.999 GC heap after
Heap after GC invocations=37 (full 5):
 PSYoungGen      total 1122304K, used 95904K [0x000000076c800000, 0x00000007be600000, 0x00000007c0000000)
  eden space 941056K, 0% used [0x000000076c800000,0x000000076c800000,0x00000007a5f00000)
  from space 181248K, 52% used [0x00000007b3500000,0x00000007b92a8190,0x00000007be600000)
  to   space 200192K, 0% used [0x00000007a5f00000,0x00000007a5f00000,0x00000007b2280000)
 ParOldGen       total 649728K, used 394160K [0x00000006c5800000, 0x00000006ed280000, 0x000000076c800000)
  object space 649728K, 60% used [0x00000006c5800000,0x00000006dd8ec238,0x00000006ed280000)
 Metaspace       used 58682K, capacity 62686K, committed 62976K, reserved 1103872K
  class space    used 8173K, capacity 8851K, committed 8960K, reserved 1048576K
}
Event: 111.378 GC heap before
{Heap before GC invocations=38 (full 5):
 PSYoungGen      total 1122304K, used 1036960K [0x000000076c800000, 0x00000007be600000, 0x00000007c0000000)
  eden space 941056K, 100% used [0x000000076c800000,0x00000007a5f00000,0x00000007a5f00000)
  from space 181248K, 52% used [0x00000007b3500000,0x00000007b92a8190,0x00000007be600000)
  to   space 200192K, 0% used [0x00000007a5f00000,0x00000007a5f00000,0x00000007b2280000)
 ParOldGen       total 649728K, used 394160K [0x00000006c5800000, 0x00000006ed280000, 0x000000076c800000)
  object space 649728K, 60% used [0x00000006c5800000,0x00000006dd8ec238,0x00000006ed280000)
 Metaspace       used 58682K, capacity 62686K, committed 62976K, reserved 1103872K
  class space    used 8173K, capacity 8851K, committed 8960K, reserved 1048576K
Event: 111.434 GC heap after
Heap after GC invocations=38 (full 5):
 PSYoungGen      total 1141248K, used 118768K [0x000000076c800000, 0x00000007c0000000, 0x00000007c0000000)
  eden space 941056K, 0% used [0x000000076c800000,0x000000076c800000,0x00000007a5f00000)
  from space 200192K, 59% used [0x00000007a5f00000,0x00000007ad2fc1f0,0x00000007b2280000)
  to   space 201216K, 0% used [0x00000007b3b80000,0x00000007b3b80000,0x00000007c0000000)
 ParOldGen       total 649728K, used 394160K [0x00000006c5800000, 0x00000006ed280000, 0x000000076c800000)
  object space 649728K, 60% used [0x00000006c5800000,0x00000006dd8ec238,0x00000006ed280000)
 Metaspace       used 58682K, capacity 62686K, committed 62976K, reserved 1103872K
  class space    used 8173K, capacity 8851K, committed 8960K, reserved 1048576K
}
Event: 116.903 GC heap before
{Heap before GC invocations=39 (full 5):
 PSYoungGen      total 1141248K, used 1059824K [0x000000076c800000, 0x00000007c0000000, 0x00000007c0000000)
  eden space 941056K, 100% used [0x000000076c800000,0x00000007a5f00000,0x00000007a5f00000)
  from space 200192K, 59% used [0x00000007a5f00000,0x00000007ad2fc1f0,0x00000007b2280000)
  to   space 201216K, 0% used [0x00000007b3b80000,0x00000007b3b80000,0x00000007c0000000)
 ParOldGen       total 649728K, used 394160K [0x00000006c5800000, 0x00000006ed280000, 0x000000076c800000)
  object space 649728K, 60% used [0x00000006c5800000,0x00000006dd8ec238,0x00000006ed280000)
 Metaspace       used 58682K, capacity 62686K, committed 62976K, reserved 1103872K
  class space    used 8173K, capacity 8851K, committed 8960K, reserved 1048576K
Event: 116.962 GC heap after
Heap after GC invocations=39 (full 5):
 PSYoungGen      total 1151488K, used 140103K [0x000000076c800000, 0x00000007c0000000, 0x00000007c0000000)
  eden space 950272K, 0% used [0x000000076c800000,0x000000076c800000,0x00000007a6800000)
  from space 201216K, 69% used [0x00000007b3b80000,0x00000007bc451db8,0x00000007c0000000)
  to   space 208896K, 0% used [0x00000007a6800000,0x00000007a6800000,0x00000007b3400000)
 ParOldGen       total 649728K, used 394160K [0x00000006c5800000, 0x00000006ed280000, 0x000000076c800000)
  object space 649728K, 60% used [0x00000006c5800000,0x00000006dd8ec238,0x00000006ed280000)
 Metaspace       used 58682K, capacity 62686K, committed 62976K, reserved 1103872K
  class space    used 8173K, capacity 8851K, committed 8960K, reserved 1048576K
}
Event: 122.135 GC heap before
{Heap before GC invocations=40 (full 5):
 PSYoungGen      total 1151488K, used 1090375K [0x000000076c800000, 0x00000007c0000000, 0x00000007c0000000)
  eden space 950272K, 100% used [0x000000076c800000,0x00000007a6800000,0x00000007a6800000)
  from space 201216K, 69% used [0x00000007b3b80000,0x00000007bc451db8,0x00000007c0000000)
  to   space 208896K, 0% used [0x00000007a6800000,0x00000007a6800000,0x00000007b3400000)
 ParOldGen       total 649728K, used 394160K [0x00000006c5800000, 0x00000006ed280000, 0x000000076c800000)
  object space 649728K, 60% used [0x00000006c5800000,0x00000006dd8ec238,0x00000006ed280000)
 Metaspace       used 58682K, capacity 62686K, committed 62976K, reserved 1103872K
  class space    used 8173K, capacity 8851K, committed 8960K, reserved 1048576K
Event: 122.205 GC heap after
Heap after GC invocations=40 (full 5):
 PSYoungGen      total 1105920K, used 155456K [0x000000076c800000, 0x00000007c0000000, 0x00000007c0000000)
  eden space 950272K, 0% used [0x000000076c800000,0x000000076c800000,0x00000007a6800000)
  from space 155648K, 99% used [0x00000007a6800000,0x00000007affd02a0,0x00000007b0000000)
  to   space 220672K, 0% used [0x00000007b2880000,0x00000007b2880000,0x00000007c0000000)
 ParOldGen       total 649728K, used 394160K [0x00000006c5800000, 0x00000006ed280000, 0x000000076c800000)
  object space 649728K, 60% used [0x00000006c5800000,0x00000006dd8ec238,0x00000006ed280000)
 Metaspace       used 58682K, capacity 62686K, committed 62976K, reserved 1103872K
  class space    used 8173K, capacity 8851K, committed 8960K, reserved 1048576K
}
Event: 127.472 GC heap before
{Heap before GC invocations=41 (full 5):
 PSYoungGen      total 1105920K, used 1105728K [0x000000076c800000, 0x00000007c0000000, 0x00000007c0000000)
  eden space 950272K, 100% used [0x000000076c800000,0x00000007a6800000,0x00000007a6800000)
  from space 155648K, 99% used [0x00000007a6800000,0x00000007affd02a0,0x00000007b0000000)
  to   space 220672K, 0% used [0x00000007b2880000,0x00000007b2880000,0x00000007c0000000)
 ParOldGen       total 649728K, used 394160K [0x00000006c5800000, 0x00000006ed280000, 0x000000076c800000)
  object space 649728K, 60% used [0x00000006c5800000,0x00000006dd8ec238,0x00000006ed280000)
 Metaspace       used 58682K, capacity 62686K, committed 62976K, reserved 1103872K
  class space    used 8173K, capacity 8851K, committed 8960K, reserved 1048576K

